[24-05-24 23:56] [INFO] - Start ems-transposenet with train
[24-05-24 23:56] [INFO] - Using dataset: /data/juy220/LU Student Dropbox/Jun Yu/_Vinod/Indoor_Navi/Localization/data/HST_video/Jun
[24-05-24 23:56] [INFO] - Using labels file: /data/juy220/LU Student Dropbox/Jun Yu/_Vinod/Indoor_Navi/Localization/data/HST_video/Jun/multiscene_train_all.txt
[24-05-24 23:56] [INFO] - Running with configuration:
	batch_size: 16
	equalize_scenes: False
	num_scenes: 4
	learnable: True
	s_x: 0.0
	s_q: -3.0
	lr: 0.0001
	norm: 2
	weight_decay: 0.0001
	eps: 1e-10
	lr_scheduler_gamma: 0.1
	lr_scheduler_step_size: 10
	n_epochs: 30
	num_t_encoder_layers: 6
	num_t_decoder_layers: 6
	num_rot_encoder_layers: 4
	num_rot_decoder_layers: 4
	dim_feedforward: 256
	hidden_dim: 256
	dropout: 0.1
	nheads: 4
	reduction: ['reduction_4', 'reduction_3']
	freeze: False
	freeze_exclude_phrase: regressor_head_rot
	n_freq_print: 5
	n_freq_checkpoint: 10
	n_workers: 4
	device_id: cuda:1
